[0.166s] DEBUG:colcon:Command line arguments: ['/usr/local/bin/colcon', 'build', '--symlink-install']
[0.166s] DEBUG:colcon:Parsed command line arguments: Namespace(log_base=None, log_level=None, verb_name='build', build_base='build', install_base='install', merge_install=False, symlink_install=True, test_result_base=None, continue_on_error=False, executor='parallel', parallel_workers=8, event_handlers=None, ignore_user_meta=False, metas=['./colcon.meta'], base_paths=['.'], packages_ignore=None, packages_ignore_regex=None, paths=None, packages_up_to=None, packages_up_to_regex=None, packages_above=None, packages_above_and_dependencies=None, packages_above_depth=None, packages_select_by_dep=None, packages_skip_by_dep=None, packages_skip_up_to=None, packages_select_build_failed=False, packages_skip_build_finished=False, packages_select_test_failures=False, packages_skip_test_passed=False, packages_select=None, packages_skip=None, packages_select_regex=None, packages_skip_regex=None, packages_start=None, packages_end=None, cmake_args=None, cmake_target=None, cmake_target_skip_unavailable=False, cmake_clean_cache=False, cmake_clean_first=False, cmake_force_configure=False, ament_cmake_args=None, catkin_cmake_args=None, catkin_skip_building_tests=False, verb_parser=<colcon_defaults.argument_parser.defaults.DefaultArgumentsDecorator object at 0x7fa11b722b00>, verb_extension=<colcon_core.verb.build.BuildVerb object at 0x7fa11b877790>, main=<bound method BuildVerb.main of <colcon_core.verb.build.BuildVerb object at 0x7fa11b877790>>)
[0.299s] Level 1:colcon.colcon_core.package_discovery:discover_packages(colcon_meta) check parameters
[0.299s] Level 1:colcon.colcon_core.package_discovery:discover_packages(recursive) check parameters
[0.299s] Level 1:colcon.colcon_core.package_discovery:discover_packages(ignore) check parameters
[0.299s] Level 1:colcon.colcon_core.package_discovery:discover_packages(path) check parameters
[0.300s] Level 1:colcon.colcon_core.package_discovery:discover_packages(colcon_meta) discover
[0.300s] Level 1:colcon.colcon_core.package_discovery:discover_packages(recursive) discover
[0.300s] INFO:colcon.colcon_core.package_discovery:Crawling recursively for packages in '/app/object_detection_segmentation'
[0.300s] Level 1:colcon.colcon_core.package_identification:_identify(.) by extensions ['ignore', 'ignore_ament_install']
[0.300s] Level 1:colcon.colcon_core.package_identification:_identify(.) by extension 'ignore'
[0.300s] Level 1:colcon.colcon_core.package_identification:_identify(.) by extension 'ignore_ament_install'
[0.300s] Level 1:colcon.colcon_core.package_identification:_identify(.) by extensions ['colcon_pkg']
[0.300s] Level 1:colcon.colcon_core.package_identification:_identify(.) by extension 'colcon_pkg'
[0.300s] Level 1:colcon.colcon_core.package_identification:_identify(.) by extensions ['colcon_meta']
[0.300s] Level 1:colcon.colcon_core.package_identification:_identify(.) by extension 'colcon_meta'
[0.300s] Level 1:colcon.colcon_core.package_identification:_identify(.) by extensions ['ros']
[0.300s] Level 1:colcon.colcon_core.package_identification:_identify(.) by extension 'ros'
[0.318s] DEBUG:colcon.colcon_core.package_identification:Package '.' with type 'ros.ament_python' and name 'object_detection_segmentation'
[0.318s] Level 1:colcon.colcon_core.package_discovery:discover_packages(recursive) using defaults
[0.318s] Level 1:colcon.colcon_core.package_discovery:discover_packages(ignore) discover
[0.319s] Level 1:colcon.colcon_core.package_discovery:discover_packages(ignore) using defaults
[0.319s] Level 1:colcon.colcon_core.package_discovery:discover_packages(path) discover
[0.319s] Level 1:colcon.colcon_core.package_discovery:discover_packages(path) using defaults
[0.345s] Level 5:colcon.colcon_core.verb:set package 'object_detection_segmentation' build argument 'cmake_args' from command line to 'None'
[0.345s] Level 5:colcon.colcon_core.verb:set package 'object_detection_segmentation' build argument 'cmake_target' from command line to 'None'
[0.345s] Level 5:colcon.colcon_core.verb:set package 'object_detection_segmentation' build argument 'cmake_target_skip_unavailable' from command line to 'False'
[0.345s] Level 5:colcon.colcon_core.verb:set package 'object_detection_segmentation' build argument 'cmake_clean_cache' from command line to 'False'
[0.345s] Level 5:colcon.colcon_core.verb:set package 'object_detection_segmentation' build argument 'cmake_clean_first' from command line to 'False'
[0.345s] Level 5:colcon.colcon_core.verb:set package 'object_detection_segmentation' build argument 'cmake_force_configure' from command line to 'False'
[0.345s] Level 5:colcon.colcon_core.verb:set package 'object_detection_segmentation' build argument 'ament_cmake_args' from command line to 'None'
[0.345s] Level 5:colcon.colcon_core.verb:set package 'object_detection_segmentation' build argument 'catkin_cmake_args' from command line to 'None'
[0.345s] Level 5:colcon.colcon_core.verb:set package 'object_detection_segmentation' build argument 'catkin_skip_building_tests' from command line to 'False'
[0.345s] DEBUG:colcon.colcon_core.verb:Building package 'object_detection_segmentation' with the following arguments: {'ament_cmake_args': None, 'build_base': '/app/object_detection_segmentation/build/object_detection_segmentation', 'catkin_cmake_args': None, 'catkin_skip_building_tests': False, 'cmake_args': None, 'cmake_clean_cache': False, 'cmake_clean_first': False, 'cmake_force_configure': False, 'cmake_target': None, 'cmake_target_skip_unavailable': False, 'install_base': '/app/object_detection_segmentation/install/object_detection_segmentation', 'merge_install': False, 'path': '/app/object_detection_segmentation', 'symlink_install': True, 'test_result_base': None}
[0.346s] INFO:colcon.colcon_core.executor:Executing jobs using 'parallel' executor
[0.347s] DEBUG:colcon.colcon_parallel_executor.executor.parallel:run_until_complete
[0.347s] INFO:colcon.colcon_ros.task.ament_python.build:Building ROS package in '/app/object_detection_segmentation' with build type 'ament_python'
[0.348s] Level 1:colcon.colcon_core.shell:create_environment_hook('object_detection_segmentation', 'ament_prefix_path')
[0.350s] INFO:colcon.colcon_core.plugin_system:Skipping extension 'colcon_core.shell.bat': Not used on non-Windows systems
[0.351s] INFO:colcon.colcon_core.shell:Creating environment hook '/app/object_detection_segmentation/install/object_detection_segmentation/share/object_detection_segmentation/hook/ament_prefix_path.ps1'
[0.352s] INFO:colcon.colcon_core.shell:Creating environment descriptor '/app/object_detection_segmentation/install/object_detection_segmentation/share/object_detection_segmentation/hook/ament_prefix_path.dsv'
[0.352s] INFO:colcon.colcon_core.shell:Creating environment hook '/app/object_detection_segmentation/install/object_detection_segmentation/share/object_detection_segmentation/hook/ament_prefix_path.sh'
[0.353s] INFO:colcon.colcon_core.shell:Skip shell extension 'powershell' for command environment: Not usable outside of PowerShell
[0.353s] DEBUG:colcon.colcon_core.shell:Skip shell extension 'dsv' for command environment
[0.628s] INFO:colcon.colcon_core.task.python.build:Building Python package in '/app/object_detection_segmentation'
[0.629s] INFO:colcon.colcon_core.shell:Skip shell extension 'powershell' for command environment: Not usable outside of PowerShell
[0.629s] DEBUG:colcon.colcon_core.shell:Skip shell extension 'dsv' for command environment
[0.974s] DEBUG:colcon.colcon_core.event_handler.log_command:Invoking command in '/app/object_detection_segmentation/build/object_detection_segmentation': PYTHONPATH=/app/object_detection_segmentation/build/object_detection_segmentation/prefix_override:/usr/local/lib/python3.10/dist-packages/colcon_core/task/python/colcon_distutils_commands:/app/object_detection_segmentation/install/object_detection_segmentation/lib/python3.10/site-packages:${PYTHONPATH} /usr/bin/python3 -W ignore:setup.py install is deprecated setup.py develop --editable --build-directory /app/object_detection_segmentation/build/object_detection_segmentation/build --no-deps symlink_data
[1.385s] Level 1:colcon.colcon_core.shell:create_environment_hook('object_detection_segmentation', 'pythonpath_develop')
[1.386s] DEBUG:colcon.colcon_core.event_handler.log_command:Invoked command in '/app/object_detection_segmentation/build/object_detection_segmentation' returned '0': PYTHONPATH=/app/object_detection_segmentation/build/object_detection_segmentation/prefix_override:/usr/local/lib/python3.10/dist-packages/colcon_core/task/python/colcon_distutils_commands:/app/object_detection_segmentation/install/object_detection_segmentation/lib/python3.10/site-packages:${PYTHONPATH} /usr/bin/python3 -W ignore:setup.py install is deprecated setup.py develop --editable --build-directory /app/object_detection_segmentation/build/object_detection_segmentation/build --no-deps symlink_data
[1.386s] INFO:colcon.colcon_core.shell:Creating environment hook '/app/object_detection_segmentation/build/object_detection_segmentation/share/object_detection_segmentation/hook/pythonpath_develop.ps1'
[1.387s] INFO:colcon.colcon_core.shell:Creating environment descriptor '/app/object_detection_segmentation/build/object_detection_segmentation/share/object_detection_segmentation/hook/pythonpath_develop.dsv'
[1.387s] INFO:colcon.colcon_core.shell:Creating environment hook '/app/object_detection_segmentation/build/object_detection_segmentation/share/object_detection_segmentation/hook/pythonpath_develop.sh'
[1.391s] Level 1:colcon.colcon_core.environment:checking '/app/object_detection_segmentation/install/object_detection_segmentation' for CMake module files
[1.392s] Level 1:colcon.colcon_core.environment:checking '/app/object_detection_segmentation/install/object_detection_segmentation' for CMake config files
[1.392s] Level 1:colcon.colcon_core.environment:checking '/app/object_detection_segmentation/install/object_detection_segmentation/lib'
[1.393s] Level 1:colcon.colcon_core.environment:checking '/app/object_detection_segmentation/install/object_detection_segmentation/bin'
[1.393s] Level 1:colcon.colcon_core.environment:checking '/app/object_detection_segmentation/install/object_detection_segmentation/lib/pkgconfig/object_detection_segmentation.pc'
[1.393s] Level 1:colcon.colcon_core.environment:checking '/app/object_detection_segmentation/install/object_detection_segmentation/lib/python3.10/site-packages'
[1.393s] Level 1:colcon.colcon_core.shell:create_environment_hook('object_detection_segmentation', 'pythonpath')
[1.393s] INFO:colcon.colcon_core.shell:Creating environment hook '/app/object_detection_segmentation/install/object_detection_segmentation/share/object_detection_segmentation/hook/pythonpath.ps1'
[1.394s] INFO:colcon.colcon_core.shell:Creating environment descriptor '/app/object_detection_segmentation/install/object_detection_segmentation/share/object_detection_segmentation/hook/pythonpath.dsv'
[1.394s] INFO:colcon.colcon_core.shell:Creating environment hook '/app/object_detection_segmentation/install/object_detection_segmentation/share/object_detection_segmentation/hook/pythonpath.sh'
[1.395s] Level 1:colcon.colcon_core.environment:checking '/app/object_detection_segmentation/install/object_detection_segmentation/bin'
[1.395s] Level 1:colcon.colcon_core.environment:create_environment_scripts_only(object_detection_segmentation)
[1.396s] INFO:colcon.colcon_core.shell:Creating package script '/app/object_detection_segmentation/install/object_detection_segmentation/share/object_detection_segmentation/package.ps1'
[1.397s] INFO:colcon.colcon_core.shell:Creating package descriptor '/app/object_detection_segmentation/install/object_detection_segmentation/share/object_detection_segmentation/package.dsv'
[1.398s] INFO:colcon.colcon_core.shell:Creating package script '/app/object_detection_segmentation/install/object_detection_segmentation/share/object_detection_segmentation/package.sh'
[1.399s] INFO:colcon.colcon_core.shell:Creating package script '/app/object_detection_segmentation/install/object_detection_segmentation/share/object_detection_segmentation/package.bash'
[1.400s] INFO:colcon.colcon_core.shell:Creating package script '/app/object_detection_segmentation/install/object_detection_segmentation/share/object_detection_segmentation/package.zsh'
[1.401s] Level 1:colcon.colcon_core.environment:create_file_with_runtime_dependencies(/app/object_detection_segmentation/install/object_detection_segmentation/share/colcon-core/packages/object_detection_segmentation)
[1.401s] DEBUG:colcon.colcon_parallel_executor.executor.parallel:closing loop
[1.402s] DEBUG:colcon.colcon_parallel_executor.executor.parallel:loop closed
[1.402s] DEBUG:colcon.colcon_parallel_executor.executor.parallel:run_until_complete finished with '0'
[1.402s] DEBUG:colcon.colcon_core.event_reactor:joining thread
[1.405s] INFO:colcon.colcon_core.plugin_system:Skipping extension 'colcon_notification.desktop_notification.notify2': 'notify2' not found
[1.405s] INFO:colcon.colcon_core.plugin_system:Skipping extension 'colcon_notification.desktop_notification.notify_send': Could not find 'notify-send'
[1.405s] INFO:colcon.colcon_core.plugin_system:Skipping extension 'colcon_notification.desktop_notification.terminal_notifier': Not used on non-Darwin systems
[1.405s] INFO:colcon.colcon_core.plugin_system:Skipping extension 'colcon_notification.desktop_notification.win32': Not used on non-Windows systems
[1.405s] DEBUG:colcon.colcon_core.event_reactor:joined thread
[1.406s] INFO:colcon.colcon_core.shell:Creating prefix script '/app/object_detection_segmentation/install/local_setup.ps1'
[1.407s] INFO:colcon.colcon_core.shell:Creating prefix util module '/app/object_detection_segmentation/install/_local_setup_util_ps1.py'
[1.409s] INFO:colcon.colcon_core.shell:Creating prefix chain script '/app/object_detection_segmentation/install/setup.ps1'
[1.410s] INFO:colcon.colcon_core.shell:Creating prefix script '/app/object_detection_segmentation/install/local_setup.sh'
[1.411s] INFO:colcon.colcon_core.shell:Creating prefix util module '/app/object_detection_segmentation/install/_local_setup_util_sh.py'
[1.412s] INFO:colcon.colcon_core.shell:Creating prefix chain script '/app/object_detection_segmentation/install/setup.sh'
[1.413s] INFO:colcon.colcon_core.shell:Creating prefix script '/app/object_detection_segmentation/install/local_setup.bash'
[1.414s] INFO:colcon.colcon_core.shell:Creating prefix chain script '/app/object_detection_segmentation/install/setup.bash'
[1.415s] INFO:colcon.colcon_core.shell:Creating prefix script '/app/object_detection_segmentation/install/local_setup.zsh'
[1.415s] INFO:colcon.colcon_core.shell:Creating prefix chain script '/app/object_detection_segmentation/install/setup.zsh'
