[0.176s] DEBUG:colcon:Command line arguments: ['/usr/local/bin/colcon', 'build']
[0.176s] DEBUG:colcon:Parsed command line arguments: Namespace(log_base=None, log_level=None, verb_name='build', build_base='build', install_base='install', merge_install=False, symlink_install=False, test_result_base=None, continue_on_error=False, executor='parallel', parallel_workers=8, event_handlers=None, ignore_user_meta=False, metas=['./colcon.meta'], base_paths=['.'], packages_ignore=None, packages_ignore_regex=None, paths=None, packages_up_to=None, packages_up_to_regex=None, packages_above=None, packages_above_and_dependencies=None, packages_above_depth=None, packages_select_by_dep=None, packages_skip_by_dep=None, packages_skip_up_to=None, packages_select_build_failed=False, packages_skip_build_finished=False, packages_select_test_failures=False, packages_skip_test_passed=False, packages_select=None, packages_skip=None, packages_select_regex=None, packages_skip_regex=None, packages_start=None, packages_end=None, cmake_args=None, cmake_target=None, cmake_target_skip_unavailable=False, cmake_clean_cache=False, cmake_clean_first=False, cmake_force_configure=False, ament_cmake_args=None, catkin_cmake_args=None, catkin_skip_building_tests=False, verb_parser=<colcon_defaults.argument_parser.defaults.DefaultArgumentsDecorator object at 0x7f57e75132e0>, verb_extension=<colcon_core.verb.build.BuildVerb object at 0x7f57e765bee0>, main=<bound method BuildVerb.main of <colcon_core.verb.build.BuildVerb object at 0x7f57e765bee0>>)
[0.332s] Level 1:colcon.colcon_core.package_discovery:discover_packages(colcon_meta) check parameters
[0.332s] Level 1:colcon.colcon_core.package_discovery:discover_packages(recursive) check parameters
[0.332s] Level 1:colcon.colcon_core.package_discovery:discover_packages(ignore) check parameters
[0.332s] Level 1:colcon.colcon_core.package_discovery:discover_packages(path) check parameters
[0.332s] Level 1:colcon.colcon_core.package_discovery:discover_packages(colcon_meta) discover
[0.332s] Level 1:colcon.colcon_core.package_discovery:discover_packages(recursive) discover
[0.332s] INFO:colcon.colcon_core.package_discovery:Crawling recursively for packages in '/app/object_detection_segmentation'
[0.332s] Level 1:colcon.colcon_core.package_identification:_identify(.) by extensions ['ignore', 'ignore_ament_install']
[0.333s] Level 1:colcon.colcon_core.package_identification:_identify(.) by extension 'ignore'
[0.333s] Level 1:colcon.colcon_core.package_identification:_identify(.) by extension 'ignore_ament_install'
[0.333s] Level 1:colcon.colcon_core.package_identification:_identify(.) by extensions ['colcon_pkg']
[0.333s] Level 1:colcon.colcon_core.package_identification:_identify(.) by extension 'colcon_pkg'
[0.333s] Level 1:colcon.colcon_core.package_identification:_identify(.) by extensions ['colcon_meta']
[0.333s] Level 1:colcon.colcon_core.package_identification:_identify(.) by extension 'colcon_meta'
[0.333s] Level 1:colcon.colcon_core.package_identification:_identify(.) by extensions ['ros']
[0.333s] Level 1:colcon.colcon_core.package_identification:_identify(.) by extension 'ros'
[0.353s] DEBUG:colcon.colcon_core.package_identification:Package '.' with type 'ros.ament_python' and name 'object_detection_segmentation'
[0.353s] Level 1:colcon.colcon_core.package_discovery:discover_packages(recursive) using defaults
[0.353s] Level 1:colcon.colcon_core.package_discovery:discover_packages(ignore) discover
[0.353s] Level 1:colcon.colcon_core.package_discovery:discover_packages(ignore) using defaults
[0.353s] Level 1:colcon.colcon_core.package_discovery:discover_packages(path) discover
[0.353s] Level 1:colcon.colcon_core.package_discovery:discover_packages(path) using defaults
[0.379s] Level 5:colcon.colcon_core.verb:set package 'object_detection_segmentation' build argument 'cmake_args' from command line to 'None'
[0.379s] Level 5:colcon.colcon_core.verb:set package 'object_detection_segmentation' build argument 'cmake_target' from command line to 'None'
[0.379s] Level 5:colcon.colcon_core.verb:set package 'object_detection_segmentation' build argument 'cmake_target_skip_unavailable' from command line to 'False'
[0.379s] Level 5:colcon.colcon_core.verb:set package 'object_detection_segmentation' build argument 'cmake_clean_cache' from command line to 'False'
[0.380s] Level 5:colcon.colcon_core.verb:set package 'object_detection_segmentation' build argument 'cmake_clean_first' from command line to 'False'
[0.380s] Level 5:colcon.colcon_core.verb:set package 'object_detection_segmentation' build argument 'cmake_force_configure' from command line to 'False'
[0.380s] Level 5:colcon.colcon_core.verb:set package 'object_detection_segmentation' build argument 'ament_cmake_args' from command line to 'None'
[0.380s] Level 5:colcon.colcon_core.verb:set package 'object_detection_segmentation' build argument 'catkin_cmake_args' from command line to 'None'
[0.380s] Level 5:colcon.colcon_core.verb:set package 'object_detection_segmentation' build argument 'catkin_skip_building_tests' from command line to 'False'
[0.380s] DEBUG:colcon.colcon_core.verb:Building package 'object_detection_segmentation' with the following arguments: {'ament_cmake_args': None, 'build_base': '/app/object_detection_segmentation/build/object_detection_segmentation', 'catkin_cmake_args': None, 'catkin_skip_building_tests': False, 'cmake_args': None, 'cmake_clean_cache': False, 'cmake_clean_first': False, 'cmake_force_configure': False, 'cmake_target': None, 'cmake_target_skip_unavailable': False, 'install_base': '/app/object_detection_segmentation/install/object_detection_segmentation', 'merge_install': False, 'path': '/app/object_detection_segmentation', 'symlink_install': False, 'test_result_base': None}
[0.380s] INFO:colcon.colcon_core.executor:Executing jobs using 'parallel' executor
[0.381s] DEBUG:colcon.colcon_parallel_executor.executor.parallel:run_until_complete
[0.382s] INFO:colcon.colcon_ros.task.ament_python.build:Building ROS package in '/app/object_detection_segmentation' with build type 'ament_python'
[0.382s] Level 1:colcon.colcon_core.shell:create_environment_hook('object_detection_segmentation', 'ament_prefix_path')
[0.385s] INFO:colcon.colcon_core.plugin_system:Skipping extension 'colcon_core.shell.bat': Not used on non-Windows systems
[0.385s] INFO:colcon.colcon_core.shell:Creating environment hook '/app/object_detection_segmentation/install/object_detection_segmentation/share/object_detection_segmentation/hook/ament_prefix_path.ps1'
[0.386s] INFO:colcon.colcon_core.shell:Creating environment descriptor '/app/object_detection_segmentation/install/object_detection_segmentation/share/object_detection_segmentation/hook/ament_prefix_path.dsv'
[0.387s] INFO:colcon.colcon_core.shell:Creating environment hook '/app/object_detection_segmentation/install/object_detection_segmentation/share/object_detection_segmentation/hook/ament_prefix_path.sh'
[0.388s] INFO:colcon.colcon_core.shell:Skip shell extension 'powershell' for command environment: Not usable outside of PowerShell
[0.388s] DEBUG:colcon.colcon_core.shell:Skip shell extension 'dsv' for command environment
[0.674s] INFO:colcon.colcon_core.task.python.build:Building Python package in '/app/object_detection_segmentation'
[0.675s] INFO:colcon.colcon_core.shell:Skip shell extension 'powershell' for command environment: Not usable outside of PowerShell
[0.675s] DEBUG:colcon.colcon_core.shell:Skip shell extension 'dsv' for command environment
[1.043s] DEBUG:colcon.colcon_core.event_handler.log_command:Invoking command in '/app/object_detection_segmentation': PYTHONPATH=/app/object_detection_segmentation/build/object_detection_segmentation/prefix_override:/usr/local/lib/python3.10/dist-packages/colcon_core/task/python/colcon_distutils_commands:/app/object_detection_segmentation/install/object_detection_segmentation/lib/python3.10/site-packages:${PYTHONPATH} /usr/bin/python3 -W ignore:setup.py install is deprecated setup.py egg_info --egg-base build/object_detection_segmentation build --build-base /app/object_detection_segmentation/build/object_detection_segmentation/build install --record /app/object_detection_segmentation/build/object_detection_segmentation/install.log --single-version-externally-managed install_data
[1.359s] DEBUG:colcon.colcon_core.event_handler.log_command:Invoked command in '/app/object_detection_segmentation' returned '0': PYTHONPATH=/app/object_detection_segmentation/build/object_detection_segmentation/prefix_override:/usr/local/lib/python3.10/dist-packages/colcon_core/task/python/colcon_distutils_commands:/app/object_detection_segmentation/install/object_detection_segmentation/lib/python3.10/site-packages:${PYTHONPATH} /usr/bin/python3 -W ignore:setup.py install is deprecated setup.py egg_info --egg-base build/object_detection_segmentation build --build-base /app/object_detection_segmentation/build/object_detection_segmentation/build install --record /app/object_detection_segmentation/build/object_detection_segmentation/install.log --single-version-externally-managed install_data
[1.363s] Level 1:colcon.colcon_core.environment:checking '/app/object_detection_segmentation/install/object_detection_segmentation' for CMake module files
[1.363s] Level 1:colcon.colcon_core.environment:checking '/app/object_detection_segmentation/install/object_detection_segmentation' for CMake config files
[1.364s] Level 1:colcon.colcon_core.environment:checking '/app/object_detection_segmentation/install/object_detection_segmentation/lib'
[1.364s] Level 1:colcon.colcon_core.environment:checking '/app/object_detection_segmentation/install/object_detection_segmentation/bin'
[1.365s] Level 1:colcon.colcon_core.environment:checking '/app/object_detection_segmentation/install/object_detection_segmentation/lib/pkgconfig/object_detection_segmentation.pc'
[1.365s] Level 1:colcon.colcon_core.environment:checking '/app/object_detection_segmentation/install/object_detection_segmentation/lib/python3.10/site-packages'
[1.365s] Level 1:colcon.colcon_core.shell:create_environment_hook('object_detection_segmentation', 'pythonpath')
[1.365s] INFO:colcon.colcon_core.shell:Creating environment hook '/app/object_detection_segmentation/install/object_detection_segmentation/share/object_detection_segmentation/hook/pythonpath.ps1'
[1.366s] INFO:colcon.colcon_core.shell:Creating environment descriptor '/app/object_detection_segmentation/install/object_detection_segmentation/share/object_detection_segmentation/hook/pythonpath.dsv'
[1.366s] INFO:colcon.colcon_core.shell:Creating environment hook '/app/object_detection_segmentation/install/object_detection_segmentation/share/object_detection_segmentation/hook/pythonpath.sh'
[1.367s] Level 1:colcon.colcon_core.environment:checking '/app/object_detection_segmentation/install/object_detection_segmentation/bin'
[1.367s] Level 1:colcon.colcon_core.environment:create_environment_scripts_only(object_detection_segmentation)
[1.368s] INFO:colcon.colcon_core.shell:Creating package script '/app/object_detection_segmentation/install/object_detection_segmentation/share/object_detection_segmentation/package.ps1'
[1.369s] INFO:colcon.colcon_core.shell:Creating package descriptor '/app/object_detection_segmentation/install/object_detection_segmentation/share/object_detection_segmentation/package.dsv'
[1.370s] INFO:colcon.colcon_core.shell:Creating package script '/app/object_detection_segmentation/install/object_detection_segmentation/share/object_detection_segmentation/package.sh'
[1.371s] INFO:colcon.colcon_core.shell:Creating package script '/app/object_detection_segmentation/install/object_detection_segmentation/share/object_detection_segmentation/package.bash'
[1.372s] INFO:colcon.colcon_core.shell:Creating package script '/app/object_detection_segmentation/install/object_detection_segmentation/share/object_detection_segmentation/package.zsh'
[1.372s] Level 1:colcon.colcon_core.environment:create_file_with_runtime_dependencies(/app/object_detection_segmentation/install/object_detection_segmentation/share/colcon-core/packages/object_detection_segmentation)
[1.373s] DEBUG:colcon.colcon_parallel_executor.executor.parallel:closing loop
[1.373s] DEBUG:colcon.colcon_parallel_executor.executor.parallel:loop closed
[1.374s] DEBUG:colcon.colcon_parallel_executor.executor.parallel:run_until_complete finished with '0'
[1.374s] DEBUG:colcon.colcon_core.event_reactor:joining thread
[1.376s] INFO:colcon.colcon_core.plugin_system:Skipping extension 'colcon_notification.desktop_notification.notify2': 'notify2' not found
[1.377s] INFO:colcon.colcon_core.plugin_system:Skipping extension 'colcon_notification.desktop_notification.notify_send': Could not find 'notify-send'
[1.377s] INFO:colcon.colcon_core.plugin_system:Skipping extension 'colcon_notification.desktop_notification.terminal_notifier': Not used on non-Darwin systems
[1.377s] INFO:colcon.colcon_core.plugin_system:Skipping extension 'colcon_notification.desktop_notification.win32': Not used on non-Windows systems
[1.377s] DEBUG:colcon.colcon_core.event_reactor:joined thread
[1.377s] INFO:colcon.colcon_core.shell:Creating prefix script '/app/object_detection_segmentation/install/local_setup.ps1'
[1.380s] INFO:colcon.colcon_core.shell:Creating prefix util module '/app/object_detection_segmentation/install/_local_setup_util_ps1.py'
[1.382s] INFO:colcon.colcon_core.shell:Creating prefix chain script '/app/object_detection_segmentation/install/setup.ps1'
[1.383s] INFO:colcon.colcon_core.shell:Creating prefix script '/app/object_detection_segmentation/install/local_setup.sh'
[1.384s] INFO:colcon.colcon_core.shell:Creating prefix util module '/app/object_detection_segmentation/install/_local_setup_util_sh.py'
[1.385s] INFO:colcon.colcon_core.shell:Creating prefix chain script '/app/object_detection_segmentation/install/setup.sh'
[1.386s] INFO:colcon.colcon_core.shell:Creating prefix script '/app/object_detection_segmentation/install/local_setup.bash'
[1.387s] INFO:colcon.colcon_core.shell:Creating prefix chain script '/app/object_detection_segmentation/install/setup.bash'
[1.388s] INFO:colcon.colcon_core.shell:Creating prefix script '/app/object_detection_segmentation/install/local_setup.zsh'
[1.389s] INFO:colcon.colcon_core.shell:Creating prefix chain script '/app/object_detection_segmentation/install/setup.zsh'
