[0.624s] Invoking command in '/app/object_detection_segmentation/build/object_detection_segmentation': PYTHONPATH=/app/object_detection_segmentation/build/object_detection_segmentation/prefix_override:/usr/local/lib/python3.10/dist-packages/colcon_core/task/python/colcon_distutils_commands:/app/object_detection_segmentation/install/object_detection_segmentation/lib/python3.10/site-packages:${PYTHONPATH} /usr/bin/python3 -W ignore:setup.py install is deprecated setup.py develop --uninstall --editable --build-directory /app/object_detection_segmentation/build/object_detection_segmentation/build
[0.884s] running develop
[0.884s] /usr/lib/python3/dist-packages/setuptools/command/easy_install.py:158: EasyInstallDeprecationWarning: easy_install command is deprecated. Use build and pip and other standards-based tools.
[0.884s]   warnings.warn(
[1.000s] Removing /app/object_detection_segmentation/install/object_detection_segmentation/lib/python3.10/site-packages/object-detection-segmentation.egg-link (link to .)
[1.026s] Invoked command in '/app/object_detection_segmentation/build/object_detection_segmentation' returned '0': PYTHONPATH=/app/object_detection_segmentation/build/object_detection_segmentation/prefix_override:/usr/local/lib/python3.10/dist-packages/colcon_core/task/python/colcon_distutils_commands:/app/object_detection_segmentation/install/object_detection_segmentation/lib/python3.10/site-packages:${PYTHONPATH} /usr/bin/python3 -W ignore:setup.py install is deprecated setup.py develop --uninstall --editable --build-directory /app/object_detection_segmentation/build/object_detection_segmentation/build
[1.028s] Invoking command in '/app/object_detection_segmentation': PYTHONPATH=/app/object_detection_segmentation/build/object_detection_segmentation/prefix_override:/usr/local/lib/python3.10/dist-packages/colcon_core/task/python/colcon_distutils_commands:/app/object_detection_segmentation/install/object_detection_segmentation/lib/python3.10/site-packages:${PYTHONPATH} /usr/bin/python3 -W ignore:setup.py install is deprecated setup.py egg_info --egg-base build/object_detection_segmentation build --build-base /app/object_detection_segmentation/build/object_detection_segmentation/build install --record /app/object_detection_segmentation/build/object_detection_segmentation/install.log --single-version-externally-managed install_data --force
[1.274s] running egg_info
[1.275s] writing build/object_detection_segmentation/object_detection_segmentation.egg-info/PKG-INFO
[1.275s] writing dependency_links to build/object_detection_segmentation/object_detection_segmentation.egg-info/dependency_links.txt
[1.275s] writing entry points to build/object_detection_segmentation/object_detection_segmentation.egg-info/entry_points.txt
[1.275s] writing requirements to build/object_detection_segmentation/object_detection_segmentation.egg-info/requires.txt
[1.276s] writing top-level names to build/object_detection_segmentation/object_detection_segmentation.egg-info/top_level.txt
[1.278s] reading manifest file 'build/object_detection_segmentation/object_detection_segmentation.egg-info/SOURCES.txt'
[1.279s] writing manifest file 'build/object_detection_segmentation/object_detection_segmentation.egg-info/SOURCES.txt'
[1.279s] running build
[1.279s] running build_py
[1.279s] copying object_detection_segmentation/image_processor.py -> /app/object_detection_segmentation/build/object_detection_segmentation/build/lib/object_detection_segmentation
[1.280s] creating /app/object_detection_segmentation/build/object_detection_segmentation/build/lib/object_detection_segmentation/segment
[1.280s] copying object_detection_segmentation/segment/segmentor.py -> /app/object_detection_segmentation/build/object_detection_segmentation/build/lib/object_detection_segmentation/segment
[1.280s] copying object_detection_segmentation/segment/__init__.py -> /app/object_detection_segmentation/build/object_detection_segmentation/build/lib/object_detection_segmentation/segment
[1.280s] creating /app/object_detection_segmentation/build/object_detection_segmentation/build/lib/object_detection_segmentation/detection
[1.281s] copying object_detection_segmentation/detection/detector.py -> /app/object_detection_segmentation/build/object_detection_segmentation/build/lib/object_detection_segmentation/detection
[1.281s] copying object_detection_segmentation/detection/__init__.py -> /app/object_detection_segmentation/build/object_detection_segmentation/build/lib/object_detection_segmentation/detection
[1.281s] running install
[1.281s] running install_lib
[1.282s] creating /app/object_detection_segmentation/install/object_detection_segmentation/lib/python3.10/site-packages/object_detection_segmentation
[1.282s] creating /app/object_detection_segmentation/install/object_detection_segmentation/lib/python3.10/site-packages/object_detection_segmentation/segment
[1.283s] copying /app/object_detection_segmentation/build/object_detection_segmentation/build/lib/object_detection_segmentation/segment/segmentor.py -> /app/object_detection_segmentation/install/object_detection_segmentation/lib/python3.10/site-packages/object_detection_segmentation/segment
[1.283s] copying /app/object_detection_segmentation/build/object_detection_segmentation/build/lib/object_detection_segmentation/segment/__init__.py -> /app/object_detection_segmentation/install/object_detection_segmentation/lib/python3.10/site-packages/object_detection_segmentation/segment
[1.283s] creating /app/object_detection_segmentation/install/object_detection_segmentation/lib/python3.10/site-packages/object_detection_segmentation/detection
[1.283s] copying /app/object_detection_segmentation/build/object_detection_segmentation/build/lib/object_detection_segmentation/detection/detector.py -> /app/object_detection_segmentation/install/object_detection_segmentation/lib/python3.10/site-packages/object_detection_segmentation/detection
[1.283s] copying /app/object_detection_segmentation/build/object_detection_segmentation/build/lib/object_detection_segmentation/detection/__init__.py -> /app/object_detection_segmentation/install/object_detection_segmentation/lib/python3.10/site-packages/object_detection_segmentation/detection
[1.283s] copying /app/object_detection_segmentation/build/object_detection_segmentation/build/lib/object_detection_segmentation/image_processor.py -> /app/object_detection_segmentation/install/object_detection_segmentation/lib/python3.10/site-packages/object_detection_segmentation
[1.284s] copying /app/object_detection_segmentation/build/object_detection_segmentation/build/lib/object_detection_segmentation/__init__.py -> /app/object_detection_segmentation/install/object_detection_segmentation/lib/python3.10/site-packages/object_detection_segmentation
[1.284s] byte-compiling /app/object_detection_segmentation/install/object_detection_segmentation/lib/python3.10/site-packages/object_detection_segmentation/segment/segmentor.py to segmentor.cpython-310.pyc
[1.284s] byte-compiling /app/object_detection_segmentation/install/object_detection_segmentation/lib/python3.10/site-packages/object_detection_segmentation/segment/__init__.py to __init__.cpython-310.pyc
[1.285s] byte-compiling /app/object_detection_segmentation/install/object_detection_segmentation/lib/python3.10/site-packages/object_detection_segmentation/detection/detector.py to detector.cpython-310.pyc
[1.285s] byte-compiling /app/object_detection_segmentation/install/object_detection_segmentation/lib/python3.10/site-packages/object_detection_segmentation/detection/__init__.py to __init__.cpython-310.pyc
[1.285s] byte-compiling /app/object_detection_segmentation/install/object_detection_segmentation/lib/python3.10/site-packages/object_detection_segmentation/image_processor.py to image_processor.cpython-310.pyc
[1.286s] byte-compiling /app/object_detection_segmentation/install/object_detection_segmentation/lib/python3.10/site-packages/object_detection_segmentation/__init__.py to __init__.cpython-310.pyc
[1.286s] running install_data
[1.286s] copying resource/object_detection_segmentation -> /app/object_detection_segmentation/install/object_detection_segmentation/share/ament_index/resource_index/packages
[1.286s] copying package.xml -> /app/object_detection_segmentation/install/object_detection_segmentation/share/object_detection_segmentation
[1.287s] running install_egg_info
[1.289s] Copying build/object_detection_segmentation/object_detection_segmentation.egg-info to /app/object_detection_segmentation/install/object_detection_segmentation/lib/python3.10/site-packages/object_detection_segmentation-0.0.0-py3.10.egg-info
[1.290s] running install_scripts
[1.317s] Installing image_processor_node script to /app/object_detection_segmentation/install/object_detection_segmentation/lib/object_detection_segmentation
[1.317s] writing list of installed files to '/app/object_detection_segmentation/build/object_detection_segmentation/install.log'
[1.342s] Invoked command in '/app/object_detection_segmentation' returned '0': PYTHONPATH=/app/object_detection_segmentation/build/object_detection_segmentation/prefix_override:/usr/local/lib/python3.10/dist-packages/colcon_core/task/python/colcon_distutils_commands:/app/object_detection_segmentation/install/object_detection_segmentation/lib/python3.10/site-packages:${PYTHONPATH} /usr/bin/python3 -W ignore:setup.py install is deprecated setup.py egg_info --egg-base build/object_detection_segmentation build --build-base /app/object_detection_segmentation/build/object_detection_segmentation/build install --record /app/object_detection_segmentation/build/object_detection_segmentation/install.log --single-version-externally-managed install_data --force
