[0.612s] Invoking command in '/app/object_detection_segmentation/build/object_detection_segmentation': PYTHONPATH=/app/object_detection_segmentation/build/object_detection_segmentation/prefix_override:/usr/local/lib/python3.10/dist-packages/colcon_core/task/python/colcon_distutils_commands:/app/object_detection_segmentation/install/object_detection_segmentation/lib/python3.10/site-packages:${PYTHONPATH} /usr/bin/python3 -W ignore:setup.py install is deprecated setup.py develop --editable --build-directory /app/object_detection_segmentation/build/object_detection_segmentation/build --no-deps symlink_data --force
[0.872s] running develop
[0.872s] /usr/lib/python3/dist-packages/setuptools/command/easy_install.py:158: EasyInstallDeprecationWarning: easy_install command is deprecated. Use build and pip and other standards-based tools.
[0.872s]   warnings.warn(
[0.984s] running egg_info
[0.984s] writing object_detection_segmentation.egg-info/PKG-INFO
[0.984s] writing dependency_links to object_detection_segmentation.egg-info/dependency_links.txt
[0.984s] writing entry points to object_detection_segmentation.egg-info/entry_points.txt
[0.985s] writing requirements to object_detection_segmentation.egg-info/requires.txt
[0.985s] writing top-level names to object_detection_segmentation.egg-info/top_level.txt
[0.986s] reading manifest file 'object_detection_segmentation.egg-info/SOURCES.txt'
[0.987s] writing manifest file 'object_detection_segmentation.egg-info/SOURCES.txt'
[0.989s] running build_ext
[0.989s] Creating /app/object_detection_segmentation/install/object_detection_segmentation/lib/python3.10/site-packages/object-detection-segmentation.egg-link (link to .)
[0.990s] Installing image_processor_node script to /app/object_detection_segmentation/install/object_detection_segmentation/lib/object_detection_segmentation
[0.990s] 
[0.991s] Installed /app/object_detection_segmentation/build/object_detection_segmentation
[0.991s] running symlink_data
[0.991s] symbolically linking /app/object_detection_segmentation/build/object_detection_segmentation/resource/object_detection_segmentation -> /app/object_detection_segmentation/install/object_detection_segmentation/share/ament_index/resource_index/packages
[0.991s] symbolically linking /app/object_detection_segmentation/build/object_detection_segmentation/package.xml -> /app/object_detection_segmentation/install/object_detection_segmentation/share/object_detection_segmentation
[1.016s] Invoked command in '/app/object_detection_segmentation/build/object_detection_segmentation' returned '0': PYTHONPATH=/app/object_detection_segmentation/build/object_detection_segmentation/prefix_override:/usr/local/lib/python3.10/dist-packages/colcon_core/task/python/colcon_distutils_commands:/app/object_detection_segmentation/install/object_detection_segmentation/lib/python3.10/site-packages:${PYTHONPATH} /usr/bin/python3 -W ignore:setup.py install is deprecated setup.py develop --editable --build-directory /app/object_detection_segmentation/build/object_detection_segmentation/build --no-deps symlink_data --force
